        ___
       __H__
 ___ ___[(]_____ ___ ___  {1.0.12.16#dev}
|_ -| . [,]     | .'| . |
|___|_  [.]_|_|_|__,|  _|
      |_|V          |_|   http://sqlmap.org

[!] legal disclaimer: Usage of sqlmap for attacking targets without prior mutual consent is illegal. It is the end user's responsibility to obey all applicable local, state and federal laws. Developers assume no liability and are not responsible for any misuse or damage caused by this program

[*] starting at 20:52:51

[20:52:52] [WARNING] provided value for parameter 'corp_value' is empty. Please, always use only valid parameter values so sqlmap could be able to run properly
it appears that provided value for POST parameter 'corp_config' has boundaries. Do you want to inject inside? ('{app:{notice:{id:1,secret:a2NYdG043odU_w1bjaAAGzRi2LfG9yMU-ej0hJRGqqY},main:{id:5,secret:JS0PrNJJGgub_vvtfjGzUubS3JQnnlVB5Ur6dxcjKss},bio:{id:6,secret:6gkeY8Uve21ombh-tK9FTT874Zrxat7eVE6unTohg1M}},bind:{qr:http://whistle.ruijie.com.cn:50202/group1/M00/02/EB/rBA4r1oOjueICmrVAABwQ1K081gAAAAOg4t9i4AAHBb947.png,name:北京理工1*}}') [y/N] N
[20:52:52] [INFO] testing connection to the target URL
[20:52:52] [WARNING] the web server responded with an HTTP error code (500) which could interfere with the results of the tests
[20:52:52] [INFO] checking if the target is protected by some kind of WAF/IPS/IDS
[20:52:52] [CRITICAL] heuristics detected that the target is protected by some kind of WAF/IPS/IDS
do you want sqlmap to try to detect backend WAF/IPS/IDS? [y/N] N
[20:52:52] [WARNING] dropping timeout to 10 seconds (i.e. '--timeout=10')
[20:52:52] [INFO] testing if the target URL is stable
[20:52:53] [INFO] target URL is stable
[20:52:53] [INFO] testing if POST parameter 'm' is dynamic
[20:52:53] [INFO] confirming that POST parameter 'm' is dynamic
[20:52:53] [INFO] POST parameter 'm' is dynamic
[20:52:53] [WARNING] heuristic (basic) test shows that POST parameter 'm' might not be injectable
[20:52:53] [INFO] testing for SQL injection on POST parameter 'm'
[20:52:53] [INFO] testing 'AND boolean-based blind - WHERE or HAVING clause'
[20:52:53] [INFO] testing 'MySQL >= 5.0 boolean-based blind - Parameter replace'
[20:52:54] [INFO] testing 'MySQL >= 5.0 AND error-based - WHERE, HAVING, ORDER BY or GROUP BY clause (FLOOR)'
[20:52:54] [INFO] testing 'PostgreSQL AND error-based - WHERE or HAVING clause'
[20:52:54] [INFO] testing 'Microsoft SQL Server/Sybase AND error-based - WHERE or HAVING clause (IN)'
[20:52:54] [WARNING] if you experience problems with non-ASCII identifier names you are advised to rerun with '--tamper=charunicodeencode'
[20:52:54] [INFO] testing 'Oracle AND error-based - WHERE or HAVING clause (XMLType)'
[20:52:54] [INFO] testing 'MySQL >= 5.0 error-based - Parameter replace (FLOOR)'
[20:52:54] [INFO] testing 'MySQL inline queries'
[20:52:54] [INFO] testing 'PostgreSQL inline queries'
[20:52:54] [INFO] testing 'Microsoft SQL Server/Sybase inline queries'
[20:52:54] [INFO] testing 'PostgreSQL > 8.1 stacked queries (comment)'
[20:52:54] [INFO] testing 'Microsoft SQL Server/Sybase stacked queries (comment)'
[20:52:55] [INFO] testing 'Oracle stacked queries (DBMS_PIPE.RECEIVE_MESSAGE - comment)'
[20:52:55] [INFO] testing 'MySQL >= 5.0.12 AND time-based blind'
[20:52:55] [INFO] testing 'PostgreSQL > 8.1 AND time-based blind'
[20:52:55] [INFO] testing 'Microsoft SQL Server/Sybase time-based blind (IF)'
[20:52:55] [INFO] testing 'Oracle AND time-based blind'
[20:52:55] [INFO] testing 'Generic UNION query (NULL) - 1 to 10 columns'
[20:52:55] [WARNING] using unescaped version of the test because of zero knowledge of the back-end DBMS. You can try to explicitly set it with option '--dbms'
[20:52:56] [WARNING] POST parameter 'm' does not seem to be injectable
[20:52:56] [INFO] testing if POST parameter 'a' is dynamic
[20:52:56] [INFO] confirming that POST parameter 'a' is dynamic
[20:52:56] [INFO] POST parameter 'a' is dynamic
[20:52:56] [WARNING] heuristic (basic) test shows that POST parameter 'a' might not be injectable
[20:52:56] [INFO] testing for SQL injection on POST parameter 'a'
[20:52:56] [INFO] testing 'AND boolean-based blind - WHERE or HAVING clause'
[20:52:57] [INFO] testing 'MySQL >= 5.0 boolean-based blind - Parameter replace'
[20:52:57] [INFO] testing 'MySQL >= 5.0 AND error-based - WHERE, HAVING, ORDER BY or GROUP BY clause (FLOOR)'
[20:52:57] [INFO] testing 'PostgreSQL AND error-based - WHERE or HAVING clause'
[20:52:57] [INFO] testing 'Microsoft SQL Server/Sybase AND error-based - WHERE or HAVING clause (IN)'
[20:52:58] [INFO] testing 'Oracle AND error-based - WHERE or HAVING clause (XMLType)'
[20:52:58] [INFO] testing 'MySQL >= 5.0 error-based - Parameter replace (FLOOR)'
[20:52:58] [INFO] testing 'MySQL inline queries'
[20:52:58] [INFO] testing 'PostgreSQL inline queries'
[20:52:58] [INFO] testing 'Microsoft SQL Server/Sybase inline queries'
[20:52:58] [INFO] testing 'PostgreSQL > 8.1 stacked queries (comment)'
[20:52:58] [INFO] testing 'Microsoft SQL Server/Sybase stacked queries (comment)'
[20:52:58] [INFO] testing 'Oracle stacked queries (DBMS_PIPE.RECEIVE_MESSAGE - comment)'
[20:52:58] [INFO] testing 'MySQL >= 5.0.12 AND time-based blind'
[20:52:58] [INFO] testing 'PostgreSQL > 8.1 AND time-based blind'
[20:52:58] [INFO] testing 'Microsoft SQL Server/Sybase time-based blind (IF)'
[20:52:59] [INFO] testing 'Oracle AND time-based blind'
[20:52:59] [INFO] testing 'Generic UNION query (NULL) - 1 to 10 columns'
[20:53:00] [WARNING] POST parameter 'a' does not seem to be injectable
[20:53:00] [INFO] testing if POST parameter 'device_type' is dynamic
[20:53:00] [WARNING] POST parameter 'device_type' does not appear to be dynamic
[20:53:00] [WARNING] heuristic (basic) test shows that POST parameter 'device_type' might not be injectable
[20:53:00] [INFO] testing for SQL injection on POST parameter 'device_type'
[20:53:00] [INFO] testing 'AND boolean-based blind - WHERE or HAVING clause'
[20:53:01] [INFO] testing 'MySQL >= 5.0 boolean-based blind - Parameter replace'
[20:53:01] [INFO] testing 'MySQL >= 5.0 AND error-based - WHERE, HAVING, ORDER BY or GROUP BY clause (FLOOR)'
[20:53:01] [INFO] testing 'PostgreSQL AND error-based - WHERE or HAVING clause'
[20:53:01] [INFO] testing 'Microsoft SQL Server/Sybase AND error-based - WHERE or HAVING clause (IN)'
[20:53:02] [INFO] testing 'Oracle AND error-based - WHERE or HAVING clause (XMLType)'
[20:53:02] [INFO] testing 'MySQL >= 5.0 error-based - Parameter replace (FLOOR)'
[20:53:02] [INFO] testing 'MySQL inline queries'
[20:53:02] [INFO] testing 'PostgreSQL inline queries'
[20:53:02] [INFO] testing 'Microsoft SQL Server/Sybase inline queries'
[20:53:02] [INFO] testing 'PostgreSQL > 8.1 stacked queries (comment)'
[20:53:02] [INFO] testing 'Microsoft SQL Server/Sybase stacked queries (comment)'
[20:53:02] [INFO] testing 'Oracle stacked queries (DBMS_PIPE.RECEIVE_MESSAGE - comment)'
[20:53:02] [INFO] testing 'MySQL >= 5.0.12 AND time-based blind'
[20:53:03] [INFO] testing 'PostgreSQL > 8.1 AND time-based blind'
[20:53:03] [INFO] testing 'Microsoft SQL Server/Sybase time-based blind (IF)'
[20:53:03] [INFO] testing 'Oracle AND time-based blind'
[20:53:03] [INFO] testing 'Generic UNION query (NULL) - 1 to 10 columns'
[20:53:05] [WARNING] POST parameter 'device_type' does not seem to be injectable
[20:53:05] [INFO] testing if POST parameter 'school' is dynamic
[20:53:05] [WARNING] POST parameter 'school' does not appear to be dynamic
[20:53:05] [WARNING] heuristic (basic) test shows that POST parameter 'school' might not be injectable
[20:53:05] [INFO] testing for SQL injection on POST parameter 'school'
[20:53:05] [INFO] testing 'AND boolean-based blind - WHERE or HAVING clause'
[20:53:06] [INFO] testing 'MySQL >= 5.0 boolean-based blind - Parameter replace'
[20:53:06] [INFO] testing 'MySQL >= 5.0 AND error-based - WHERE, HAVING, ORDER BY or GROUP BY clause (FLOOR)'
[20:53:06] [INFO] testing 'PostgreSQL AND error-based - WHERE or HAVING clause'
[20:53:07] [INFO] testing 'Microsoft SQL Server/Sybase AND error-based - WHERE or HAVING clause (IN)'
[20:53:07] [INFO] testing 'Oracle AND error-based - WHERE or HAVING clause (XMLType)'
[20:53:07] [INFO] testing 'MySQL >= 5.0 error-based - Parameter replace (FLOOR)'
[20:53:07] [INFO] testing 'MySQL inline queries'
[20:53:07] [INFO] testing 'PostgreSQL inline queries'
[20:53:07] [INFO] testing 'Microsoft SQL Server/Sybase inline queries'
[20:53:07] [INFO] testing 'PostgreSQL > 8.1 stacked queries (comment)'
[20:53:07] [INFO] testing 'Microsoft SQL Server/Sybase stacked queries (comment)'
[20:53:08] [INFO] testing 'Oracle stacked queries (DBMS_PIPE.RECEIVE_MESSAGE - comment)'
[20:53:08] [INFO] testing 'MySQL >= 5.0.12 AND time-based blind'
[20:53:08] [INFO] testing 'PostgreSQL > 8.1 AND time-based blind'
[20:53:08] [INFO] testing 'Microsoft SQL Server/Sybase time-based blind (IF)'
[20:53:08] [INFO] testing 'Oracle AND time-based blind'
[20:53:09] [INFO] testing 'Generic UNION query (NULL) - 1 to 10 columns'
[20:53:10] [WARNING] POST parameter 'school' does not seem to be injectable
[20:53:10] [INFO] testing if POST parameter 'verify' is dynamic
[20:53:10] [WARNING] POST parameter 'verify' does not appear to be dynamic
[20:53:10] [WARNING] heuristic (basic) test shows that POST parameter 'verify' might not be injectable
[20:53:10] [INFO] testing for SQL injection on POST parameter 'verify'
[20:53:10] [INFO] testing 'AND boolean-based blind - WHERE or HAVING clause'
[20:53:11] [INFO] testing 'MySQL >= 5.0 boolean-based blind - Parameter replace'
[20:53:11] [INFO] testing 'MySQL >= 5.0 AND error-based - WHERE, HAVING, ORDER BY or GROUP BY clause (FLOOR)'
[20:53:11] [INFO] testing 'PostgreSQL AND error-based - WHERE or HAVING clause'
[20:53:12] [INFO] testing 'Microsoft SQL Server/Sybase AND error-based - WHERE or HAVING clause (IN)'
[20:53:12] [INFO] testing 'Oracle AND error-based - WHERE or HAVING clause (XMLType)'
[20:53:12] [INFO] testing 'MySQL >= 5.0 error-based - Parameter replace (FLOOR)'
[20:53:12] [INFO] testing 'MySQL inline queries'
[20:53:12] [INFO] testing 'PostgreSQL inline queries'
[20:53:12] [INFO] testing 'Microsoft SQL Server/Sybase inline queries'
[20:53:12] [INFO] testing 'PostgreSQL > 8.1 stacked queries (comment)'
[20:53:12] [INFO] testing 'Microsoft SQL Server/Sybase stacked queries (comment)'
[20:53:13] [INFO] testing 'Oracle stacked queries (DBMS_PIPE.RECEIVE_MESSAGE - comment)'
[20:53:13] [INFO] testing 'MySQL >= 5.0.12 AND time-based blind'
[20:53:13] [INFO] testing 'PostgreSQL > 8.1 AND time-based blind'
[20:53:13] [INFO] testing 'Microsoft SQL Server/Sybase time-based blind (IF)'
[20:53:13] [INFO] testing 'Oracle AND time-based blind'
[20:53:14] [INFO] testing 'Generic UNION query (NULL) - 1 to 10 columns'
[20:53:15] [WARNING] POST parameter 'verify' does not seem to be injectable
[20:53:15] [INFO] testing if POST parameter 'corpid' is dynamic
[20:53:15] [WARNING] POST parameter 'corpid' does not appear to be dynamic
[20:53:16] [WARNING] heuristic (basic) test shows that POST parameter 'corpid' might not be injectable
[20:53:16] [INFO] testing for SQL injection on POST parameter 'corpid'
[20:53:16] [INFO] testing 'AND boolean-based blind - WHERE or HAVING clause'
[20:53:17] [INFO] testing 'MySQL >= 5.0 boolean-based blind - Parameter replace'
[20:53:17] [INFO] testing 'MySQL >= 5.0 AND error-based - WHERE, HAVING, ORDER BY or GROUP BY clause (FLOOR)'
[20:53:17] [INFO] testing 'PostgreSQL AND error-based - WHERE or HAVING clause'
[20:53:17] [INFO] testing 'Microsoft SQL Server/Sybase AND error-based - WHERE or HAVING clause (IN)'
[20:53:17] [INFO] testing 'Oracle AND error-based - WHERE or HAVING clause (XMLType)'
[20:53:17] [INFO] testing 'MySQL >= 5.0 error-based - Parameter replace (FLOOR)'
[20:53:17] [INFO] testing 'MySQL inline queries'
[20:53:17] [INFO] testing 'PostgreSQL inline queries'
[20:53:17] [INFO] testing 'Microsoft SQL Server/Sybase inline queries'
[20:53:17] [INFO] testing 'PostgreSQL > 8.1 stacked queries (comment)'
[20:53:18] [INFO] testing 'Microsoft SQL Server/Sybase stacked queries (comment)'
[20:53:18] [INFO] testing 'Oracle stacked queries (DBMS_PIPE.RECEIVE_MESSAGE - comment)'
[20:53:18] [INFO] testing 'MySQL >= 5.0.12 AND time-based blind'
[20:53:18] [INFO] testing 'PostgreSQL > 8.1 AND time-based blind'
[20:53:18] [INFO] testing 'Microsoft SQL Server/Sybase time-based blind (IF)'
[20:53:19] [INFO] testing 'Oracle AND time-based blind'
[20:53:19] [INFO] testing 'Generic UNION query (NULL) - 1 to 10 columns'
[20:53:21] [WARNING] POST parameter 'corpid' does not seem to be injectable
[20:53:21] [INFO] testing if POST parameter 'corp_sync_secret' is dynamic
[20:53:21] [WARNING] POST parameter 'corp_sync_secret' does not appear to be dynamic
[20:53:21] [WARNING] heuristic (basic) test shows that POST parameter 'corp_sync_secret' might not be injectable
[20:53:21] [INFO] testing for SQL injection on POST parameter 'corp_sync_secret'
[20:53:21] [INFO] testing 'AND boolean-based blind - WHERE or HAVING clause'
[20:53:22] [INFO] testing 'MySQL >= 5.0 boolean-based blind - Parameter replace'
[20:53:22] [INFO] testing 'MySQL >= 5.0 AND error-based - WHERE, HAVING, ORDER BY or GROUP BY clause (FLOOR)'
[20:53:22] [INFO] testing 'PostgreSQL AND error-based - WHERE or HAVING clause'
[20:53:22] [INFO] testing 'Microsoft SQL Server/Sybase AND error-based - WHERE or HAVING clause (IN)'
[20:53:22] [INFO] testing 'Oracle AND error-based - WHERE or HAVING clause (XMLType)'
[20:53:23] [INFO] testing 'MySQL >= 5.0 error-based - Parameter replace (FLOOR)'
[20:53:23] [INFO] testing 'MySQL inline queries'
[20:53:23] [INFO] testing 'PostgreSQL inline queries'
[20:53:23] [INFO] testing 'Microsoft SQL Server/Sybase inline queries'
[20:53:23] [INFO] testing 'PostgreSQL > 8.1 stacked queries (comment)'
[20:53:23] [INFO] testing 'Microsoft SQL Server/Sybase stacked queries (comment)'
[20:53:23] [INFO] testing 'Oracle stacked queries (DBMS_PIPE.RECEIVE_MESSAGE - comment)'
[20:53:23] [INFO] testing 'MySQL >= 5.0.12 AND time-based blind'
[20:53:23] [INFO] testing 'PostgreSQL > 8.1 AND time-based blind'
[20:53:24] [INFO] testing 'Microsoft SQL Server/Sybase time-based blind (IF)'
[20:53:24] [INFO] testing 'Oracle AND time-based blind'
[20:53:24] [INFO] testing 'Generic UNION query (NULL) - 1 to 10 columns'
[20:53:26] [WARNING] POST parameter 'corp_sync_secret' does not seem to be injectable
[20:53:26] [INFO] testing if POST parameter 'agentid' is dynamic
[20:53:26] [WARNING] POST parameter 'agentid' does not appear to be dynamic
[20:53:26] [WARNING] heuristic (basic) test shows that POST parameter 'agentid' might not be injectable
[20:53:26] [INFO] testing for SQL injection on POST parameter 'agentid'
[20:53:26] [INFO] testing 'AND boolean-based blind - WHERE or HAVING clause'
[20:53:27] [INFO] testing 'MySQL >= 5.0 boolean-based blind - Parameter replace'
[20:53:27] [INFO] testing 'MySQL >= 5.0 AND error-based - WHERE, HAVING, ORDER BY or GROUP BY clause (FLOOR)'
[20:53:27] [INFO] testing 'PostgreSQL AND error-based - WHERE or HAVING clause'
[20:53:28] [INFO] testing 'Microsoft SQL Server/Sybase AND error-based - WHERE or HAVING clause (IN)'
[20:53:28] [INFO] testing 'Oracle AND error-based - WHERE or HAVING clause (XMLType)'
[20:53:28] [INFO] testing 'MySQL >= 5.0 error-based - Parameter replace (FLOOR)'
[20:53:28] [INFO] testing 'MySQL inline queries'
[20:53:28] [INFO] testing 'PostgreSQL inline queries'
[20:53:28] [INFO] testing 'Microsoft SQL Server/Sybase inline queries'
[20:53:28] [INFO] testing 'PostgreSQL > 8.1 stacked queries (comment)'
[20:53:28] [INFO] testing 'Microsoft SQL Server/Sybase stacked queries (comment)'
[20:53:29] [INFO] testing 'Oracle stacked queries (DBMS_PIPE.RECEIVE_MESSAGE - comment)'
[20:53:29] [INFO] testing 'MySQL >= 5.0.12 AND time-based blind'
[20:53:29] [INFO] testing 'PostgreSQL > 8.1 AND time-based blind'
[20:53:29] [INFO] testing 'Microsoft SQL Server/Sybase time-based blind (IF)'
[20:53:29] [INFO] testing 'Oracle AND time-based blind'
[20:53:30] [INFO] testing 'Generic UNION query (NULL) - 1 to 10 columns'
[20:53:31] [WARNING] POST parameter 'agentid' does not seem to be injectable
[20:53:31] [INFO] testing if POST parameter 'corpsecret' is dynamic
[20:53:31] [WARNING] POST parameter 'corpsecret' does not appear to be dynamic
[20:53:31] [WARNING] heuristic (basic) test shows that POST parameter 'corpsecret' might not be injectable
[20:53:32] [INFO] testing for SQL injection on POST parameter 'corpsecret'
[20:53:32] [INFO] testing 'AND boolean-based blind - WHERE or HAVING clause'
[20:53:32] [INFO] testing 'MySQL >= 5.0 boolean-based blind - Parameter replace'
[20:53:33] [INFO] testing 'MySQL >= 5.0 AND error-based - WHERE, HAVING, ORDER BY or GROUP BY clause (FLOOR)'
[20:53:33] [INFO] testing 'PostgreSQL AND error-based - WHERE or HAVING clause'
[20:53:33] [INFO] testing 'Microsoft SQL Server/Sybase AND error-based - WHERE or HAVING clause (IN)'
[20:53:33] [INFO] testing 'Oracle AND error-based - WHERE or HAVING clause (XMLType)'
[20:53:33] [INFO] testing 'MySQL >= 5.0 error-based - Parameter replace (FLOOR)'
[20:53:33] [INFO] testing 'MySQL inline queries'
[20:53:33] [INFO] testing 'PostgreSQL inline queries'
[20:53:33] [INFO] testing 'Microsoft SQL Server/Sybase inline queries'
[20:53:33] [INFO] testing 'PostgreSQL > 8.1 stacked queries (comment)'
[20:53:34] [INFO] testing 'Microsoft SQL Server/Sybase stacked queries (comment)'
[20:53:34] [INFO] testing 'Oracle stacked queries (DBMS_PIPE.RECEIVE_MESSAGE - comment)'
[20:53:34] [INFO] testing 'MySQL >= 5.0.12 AND time-based blind'
[20:53:34] [INFO] testing 'PostgreSQL > 8.1 AND time-based blind'
[20:53:34] [INFO] testing 'Microsoft SQL Server/Sybase time-based blind (IF)'
[20:53:35] [INFO] testing 'Oracle AND time-based blind'
[20:53:35] [INFO] testing 'Generic UNION query (NULL) - 1 to 10 columns'
[20:53:37] [WARNING] POST parameter 'corpsecret' does not seem to be injectable
[20:53:37] [INFO] testing if POST parameter 'corp_type' is dynamic
[20:53:37] [WARNING] POST parameter 'corp_type' does not appear to be dynamic
[20:53:37] [WARNING] heuristic (basic) test shows that POST parameter 'corp_type' might not be injectable
[20:53:37] [INFO] testing for SQL injection on POST parameter 'corp_type'
[20:53:37] [INFO] testing 'AND boolean-based blind - WHERE or HAVING clause'
[20:53:38] [INFO] testing 'MySQL >= 5.0 boolean-based blind - Parameter replace'
[20:53:38] [INFO] testing 'MySQL >= 5.0 AND error-based - WHERE, HAVING, ORDER BY or GROUP BY clause (FLOOR)'
[20:53:38] [INFO] testing 'PostgreSQL AND error-based - WHERE or HAVING clause'
[20:53:38] [INFO] testing 'Microsoft SQL Server/Sybase AND error-based - WHERE or HAVING clause (IN)'
[20:53:38] [INFO] testing 'Oracle AND error-based - WHERE or HAVING clause (XMLType)'
[20:53:38] [INFO] testing 'MySQL >= 5.0 error-based - Parameter replace (FLOOR)'
[20:53:38] [INFO] testing 'MySQL inline queries'
[20:53:38] [INFO] testing 'PostgreSQL inline queries'
[20:53:39] [INFO] testing 'Microsoft SQL Server/Sybase inline queries'
[20:53:39] [INFO] testing 'PostgreSQL > 8.1 stacked queries (comment)'
[20:53:39] [INFO] testing 'Microsoft SQL Server/Sybase stacked queries (comment)'
[20:53:39] [INFO] testing 'Oracle stacked queries (DBMS_PIPE.RECEIVE_MESSAGE - comment)'
[20:53:39] [INFO] testing 'MySQL >= 5.0.12 AND time-based blind'
[20:53:39] [INFO] testing 'PostgreSQL > 8.1 AND time-based blind'
[20:53:39] [INFO] testing 'Microsoft SQL Server/Sybase time-based blind (IF)'
[20:53:40] [INFO] testing 'Oracle AND time-based blind'
[20:53:40] [INFO] testing 'Generic UNION query (NULL) - 1 to 10 columns'
[20:53:42] [WARNING] POST parameter 'corp_type' does not seem to be injectable
[20:53:42] [INFO] testing if POST parameter 'corp_value' is dynamic
[20:53:42] [WARNING] POST parameter 'corp_value' does not appear to be dynamic
[20:53:42] [WARNING] heuristic (basic) test shows that POST parameter 'corp_value' might not be injectable
[20:53:42] [INFO] testing for SQL injection on POST parameter 'corp_value'
[20:53:42] [INFO] testing 'AND boolean-based blind - WHERE or HAVING clause'
[20:53:43] [INFO] testing 'MySQL >= 5.0 boolean-based blind - Parameter replace'
[20:53:43] [INFO] testing 'MySQL >= 5.0 AND error-based - WHERE, HAVING, ORDER BY or GROUP BY clause (FLOOR)'
[20:53:43] [INFO] testing 'PostgreSQL AND error-based - WHERE or HAVING clause'
[20:53:44] [INFO] testing 'Microsoft SQL Server/Sybase AND error-based - WHERE or HAVING clause (IN)'
[20:53:44] [INFO] testing 'Oracle AND error-based - WHERE or HAVING clause (XMLType)'
[20:53:44] [INFO] testing 'MySQL >= 5.0 error-based - Parameter replace (FLOOR)'
[20:53:44] [INFO] testing 'MySQL inline queries'
[20:53:44] [INFO] testing 'PostgreSQL inline queries'
[20:53:44] [INFO] testing 'Microsoft SQL Server/Sybase inline queries'
[20:53:44] [INFO] testing 'PostgreSQL > 8.1 stacked queries (comment)'
[20:53:44] [INFO] testing 'Microsoft SQL Server/Sybase stacked queries (comment)'
[20:53:45] [INFO] testing 'Oracle stacked queries (DBMS_PIPE.RECEIVE_MESSAGE - comment)'
[20:53:45] [INFO] testing 'MySQL >= 5.0.12 AND time-based blind'
[20:53:45] [INFO] testing 'PostgreSQL > 8.1 AND time-based blind'
[20:53:45] [INFO] testing 'Microsoft SQL Server/Sybase time-based blind (IF)'
[20:53:45] [INFO] testing 'Oracle AND time-based blind'
[20:53:46] [INFO] testing 'Generic UNION query (NULL) - 1 to 10 columns'
[20:53:47] [WARNING] POST parameter 'corp_value' does not seem to be injectable
[20:53:47] [INFO] testing if POST parameter 'corp_config' is dynamic
[20:53:47] [INFO] confirming that POST parameter 'corp_config' is dynamic
[20:53:47] [INFO] POST parameter 'corp_config' is dynamic
[20:53:48] [WARNING] heuristic (basic) test shows that POST parameter 'corp_config' might not be injectable
[20:53:48] [INFO] testing for SQL injection on POST parameter 'corp_config'
[20:53:48] [INFO] testing 'AND boolean-based blind - WHERE or HAVING clause'
[20:53:49] [INFO] testing 'MySQL >= 5.0 boolean-based blind - Parameter replace'
[20:53:49] [INFO] testing 'MySQL >= 5.0 AND error-based - WHERE, HAVING, ORDER BY or GROUP BY clause (FLOOR)'
[20:53:49] [INFO] testing 'PostgreSQL AND error-based - WHERE or HAVING clause'
[20:53:49] [INFO] testing 'Microsoft SQL Server/Sybase AND error-based - WHERE or HAVING clause (IN)'
[20:53:49] [INFO] testing 'Oracle AND error-based - WHERE or HAVING clause (XMLType)'
[20:53:49] [INFO] testing 'MySQL >= 5.0 error-based - Parameter replace (FLOOR)'
[20:53:49] [INFO] testing 'MySQL inline queries'
[20:53:49] [INFO] testing 'PostgreSQL inline queries'
[20:53:49] [INFO] testing 'Microsoft SQL Server/Sybase inline queries'
[20:53:49] [INFO] testing 'PostgreSQL > 8.1 stacked queries (comment)'
[20:53:50] [INFO] testing 'Microsoft SQL Server/Sybase stacked queries (comment)'
[20:53:50] [INFO] testing 'Oracle stacked queries (DBMS_PIPE.RECEIVE_MESSAGE - comment)'
[20:53:50] [INFO] testing 'MySQL >= 5.0.12 AND time-based blind'
[20:53:50] [INFO] testing 'PostgreSQL > 8.1 AND time-based blind'
[20:53:50] [INFO] testing 'Microsoft SQL Server/Sybase time-based blind (IF)'
[20:53:51] [INFO] testing 'Oracle AND time-based blind'
[20:53:51] [INFO] testing 'Generic UNION query (NULL) - 1 to 10 columns'
[20:53:53] [WARNING] POST parameter 'corp_config' does not seem to be injectable
[20:53:53] [CRITICAL] all tested parameters appear to be not injectable. Try to increase '--level'/'--risk' values to perform more tests. Please retry with the switch '--text-only' (along with --technique=BU) as this case looks like a perfect candidate (low textual content along with inability of comparison engine to detect at least one dynamic parameter). Also, you can try to rerun by providing either a valid value for option '--string' (or '--regexp'). If you suspect that there is some kind of protection mechanism involved (e.g. WAF) maybe you could retry with an option '--tamper' (e.g. '--tamper=space2comment')
[20:53:53] [WARNING] HTTP error codes detected during run:
500 (Internal Server Error) - 560 times

[*] shutting down at 20:53:53

