        ___
       __H__
 ___ ___[.]_____ ___ ___  {1.0.12.16#dev}
|_ -| . [)]     | .'| . |
|___|_  [.]_|_|_|__,|  _|
      |_|V          |_|   http://sqlmap.org

[!] legal disclaimer: Usage of sqlmap for attacking targets without prior mutual consent is illegal. It is the end user's responsibility to obey all applicable local, state and federal laws. Developers assume no liability and are not responsible for any misuse or damage caused by this program

[*] starting at 20:56:54

[20:56:55] [INFO] testing connection to the target URL
[20:56:55] [INFO] checking if the target is protected by some kind of WAF/IPS/IDS
[20:56:55] [CRITICAL] heuristics detected that the target is protected by some kind of WAF/IPS/IDS
do you want sqlmap to try to detect backend WAF/IPS/IDS? [y/N] N
[20:56:55] [WARNING] dropping timeout to 10 seconds (i.e. '--timeout=10')
[20:56:55] [INFO] testing if the target URL is stable
[20:56:56] [INFO] target URL is stable
[20:56:56] [INFO] testing if POST parameter 'm' is dynamic
[20:56:56] [INFO] confirming that POST parameter 'm' is dynamic
[20:56:56] [INFO] POST parameter 'm' is dynamic
[20:56:56] [WARNING] heuristic (basic) test shows that POST parameter 'm' might not be injectable
[20:56:56] [INFO] testing for SQL injection on POST parameter 'm'
[20:56:56] [INFO] testing 'AND boolean-based blind - WHERE or HAVING clause'
[20:56:56] [INFO] testing 'MySQL >= 5.0 boolean-based blind - Parameter replace'
[20:56:56] [INFO] testing 'MySQL >= 5.0 AND error-based - WHERE, HAVING, ORDER BY or GROUP BY clause (FLOOR)'
[20:56:57] [INFO] testing 'PostgreSQL AND error-based - WHERE or HAVING clause'
[20:56:57] [INFO] testing 'Microsoft SQL Server/Sybase AND error-based - WHERE or HAVING clause (IN)'
[20:56:57] [INFO] testing 'Oracle AND error-based - WHERE or HAVING clause (XMLType)'
[20:56:57] [INFO] testing 'MySQL >= 5.0 error-based - Parameter replace (FLOOR)'
[20:56:57] [INFO] testing 'MySQL inline queries'
[20:56:57] [INFO] testing 'PostgreSQL inline queries'
[20:56:57] [INFO] testing 'Microsoft SQL Server/Sybase inline queries'
[20:56:57] [INFO] testing 'PostgreSQL > 8.1 stacked queries (comment)'
[20:56:57] [INFO] testing 'Microsoft SQL Server/Sybase stacked queries (comment)'
[20:56:57] [INFO] testing 'Oracle stacked queries (DBMS_PIPE.RECEIVE_MESSAGE - comment)'
[20:56:57] [INFO] testing 'MySQL >= 5.0.12 AND time-based blind'
[20:56:57] [INFO] testing 'PostgreSQL > 8.1 AND time-based blind'
[20:56:58] [INFO] testing 'Microsoft SQL Server/Sybase time-based blind (IF)'
[20:56:58] [INFO] testing 'Oracle AND time-based blind'
[20:56:58] [INFO] testing 'Generic UNION query (NULL) - 1 to 10 columns'
[20:56:58] [WARNING] using unescaped version of the test because of zero knowledge of the back-end DBMS. You can try to explicitly set it with option '--dbms'
[20:56:58] [WARNING] POST parameter 'm' does not seem to be injectable
[20:56:58] [INFO] testing if POST parameter 'a' is dynamic
[20:56:58] [INFO] confirming that POST parameter 'a' is dynamic
[20:56:58] [INFO] POST parameter 'a' is dynamic
[20:56:59] [WARNING] heuristic (basic) test shows that POST parameter 'a' might not be injectable
[20:56:59] [INFO] testing for SQL injection on POST parameter 'a'
[20:56:59] [INFO] testing 'AND boolean-based blind - WHERE or HAVING clause'
[20:56:59] [INFO] testing 'MySQL >= 5.0 boolean-based blind - Parameter replace'
[20:56:59] [INFO] testing 'MySQL >= 5.0 AND error-based - WHERE, HAVING, ORDER BY or GROUP BY clause (FLOOR)'
[20:56:59] [INFO] testing 'PostgreSQL AND error-based - WHERE or HAVING clause'
[20:57:00] [INFO] testing 'Microsoft SQL Server/Sybase AND error-based - WHERE or HAVING clause (IN)'
[20:57:00] [INFO] testing 'Oracle AND error-based - WHERE or HAVING clause (XMLType)'
[20:57:00] [INFO] testing 'MySQL >= 5.0 error-based - Parameter replace (FLOOR)'
[20:57:00] [INFO] testing 'MySQL inline queries'
[20:57:00] [INFO] testing 'PostgreSQL inline queries'
[20:57:00] [INFO] testing 'Microsoft SQL Server/Sybase inline queries'
[20:57:00] [INFO] testing 'PostgreSQL > 8.1 stacked queries (comment)'
[20:57:00] [INFO] testing 'Microsoft SQL Server/Sybase stacked queries (comment)'
[20:57:00] [INFO] testing 'Oracle stacked queries (DBMS_PIPE.RECEIVE_MESSAGE - comment)'
[20:57:00] [INFO] testing 'MySQL >= 5.0.12 AND time-based blind'
[20:57:00] [INFO] testing 'PostgreSQL > 8.1 AND time-based blind'
[20:57:00] [INFO] testing 'Microsoft SQL Server/Sybase time-based blind (IF)'
[20:57:01] [INFO] testing 'Oracle AND time-based blind'
[20:57:01] [INFO] testing 'Generic UNION query (NULL) - 1 to 10 columns'
[20:57:02] [WARNING] POST parameter 'a' does not seem to be injectable
[20:57:02] [INFO] testing if POST parameter 'device_type' is dynamic
[20:57:02] [INFO] confirming that POST parameter 'device_type' is dynamic
[20:57:02] [INFO] POST parameter 'device_type' is dynamic
[20:57:02] [WARNING] heuristic (basic) test shows that POST parameter 'device_type' might not be injectable
[20:57:02] [INFO] testing for SQL injection on POST parameter 'device_type'
[20:57:02] [INFO] testing 'AND boolean-based blind - WHERE or HAVING clause'
[20:57:03] [INFO] testing 'MySQL >= 5.0 boolean-based blind - Parameter replace'
[20:57:03] [INFO] testing 'MySQL >= 5.0 AND error-based - WHERE, HAVING, ORDER BY or GROUP BY clause (FLOOR)'
[20:57:03] [INFO] testing 'PostgreSQL AND error-based - WHERE or HAVING clause'
[20:57:04] [INFO] testing 'Microsoft SQL Server/Sybase AND error-based - WHERE or HAVING clause (IN)'
[20:57:04] [INFO] testing 'Oracle AND error-based - WHERE or HAVING clause (XMLType)'
[20:57:04] [INFO] testing 'MySQL >= 5.0 error-based - Parameter replace (FLOOR)'
[20:57:04] [INFO] testing 'MySQL inline queries'
[20:57:04] [INFO] testing 'PostgreSQL inline queries'
[20:57:04] [INFO] testing 'Microsoft SQL Server/Sybase inline queries'
[20:57:04] [INFO] testing 'PostgreSQL > 8.1 stacked queries (comment)'
[20:57:04] [INFO] testing 'Microsoft SQL Server/Sybase stacked queries (comment)'
[20:57:05] [INFO] testing 'Oracle stacked queries (DBMS_PIPE.RECEIVE_MESSAGE - comment)'
[20:57:05] [INFO] testing 'MySQL >= 5.0.12 AND time-based blind'
[20:57:05] [INFO] testing 'PostgreSQL > 8.1 AND time-based blind'
[20:57:05] [INFO] testing 'Microsoft SQL Server/Sybase time-based blind (IF)'
[20:57:05] [INFO] testing 'Oracle AND time-based blind'
[20:57:06] [INFO] testing 'Generic UNION query (NULL) - 1 to 10 columns'
[20:57:07] [WARNING] POST parameter 'device_type' does not seem to be injectable
[20:57:07] [INFO] testing if POST parameter 'school' is dynamic
[20:57:07] [INFO] confirming that POST parameter 'school' is dynamic
[20:57:07] [INFO] POST parameter 'school' is dynamic
[20:57:07] [WARNING] heuristic (basic) test shows that POST parameter 'school' might not be injectable
[20:57:07] [INFO] testing for SQL injection on POST parameter 'school'
[20:57:07] [INFO] testing 'AND boolean-based blind - WHERE or HAVING clause'
[20:57:08] [INFO] testing 'MySQL >= 5.0 boolean-based blind - Parameter replace'
[20:57:08] [INFO] testing 'MySQL >= 5.0 AND error-based - WHERE, HAVING, ORDER BY or GROUP BY clause (FLOOR)'
[20:57:08] [INFO] testing 'PostgreSQL AND error-based - WHERE or HAVING clause'
[20:57:09] [INFO] testing 'Microsoft SQL Server/Sybase AND error-based - WHERE or HAVING clause (IN)'
[20:57:09] [INFO] testing 'Oracle AND error-based - WHERE or HAVING clause (XMLType)'
[20:57:09] [INFO] testing 'MySQL >= 5.0 error-based - Parameter replace (FLOOR)'
[20:57:09] [INFO] testing 'MySQL inline queries'
[20:57:09] [INFO] testing 'PostgreSQL inline queries'
[20:57:09] [INFO] testing 'Microsoft SQL Server/Sybase inline queries'
[20:57:09] [INFO] testing 'PostgreSQL > 8.1 stacked queries (comment)'
[20:57:09] [INFO] testing 'Microsoft SQL Server/Sybase stacked queries (comment)'
[20:57:10] [INFO] testing 'Oracle stacked queries (DBMS_PIPE.RECEIVE_MESSAGE - comment)'
[20:57:10] [INFO] testing 'MySQL >= 5.0.12 AND time-based blind'
[20:57:10] [INFO] testing 'PostgreSQL > 8.1 AND time-based blind'
[20:57:10] [INFO] testing 'Microsoft SQL Server/Sybase time-based blind (IF)'
[20:57:10] [INFO] testing 'Oracle AND time-based blind'
[20:57:11] [INFO] testing 'Generic UNION query (NULL) - 1 to 10 columns'
[20:57:12] [WARNING] POST parameter 'school' does not seem to be injectable
[20:57:12] [INFO] testing if POST parameter 'verify' is dynamic
[20:57:12] [WARNING] POST parameter 'verify' does not appear to be dynamic
[20:57:12] [WARNING] heuristic (basic) test shows that POST parameter 'verify' might not be injectable
[20:57:13] [INFO] testing for SQL injection on POST parameter 'verify'
[20:57:13] [INFO] testing 'AND boolean-based blind - WHERE or HAVING clause'
[20:57:14] [INFO] testing 'MySQL >= 5.0 boolean-based blind - Parameter replace'
[20:57:14] [INFO] testing 'MySQL >= 5.0 AND error-based - WHERE, HAVING, ORDER BY or GROUP BY clause (FLOOR)'
[20:57:14] [INFO] testing 'PostgreSQL AND error-based - WHERE or HAVING clause'
[20:57:14] [INFO] testing 'Microsoft SQL Server/Sybase AND error-based - WHERE or HAVING clause (IN)'
[20:57:14] [INFO] testing 'Oracle AND error-based - WHERE or HAVING clause (XMLType)'
[20:57:14] [INFO] testing 'MySQL >= 5.0 error-based - Parameter replace (FLOOR)'
[20:57:14] [INFO] testing 'MySQL inline queries'
[20:57:14] [INFO] testing 'PostgreSQL inline queries'
[20:57:14] [INFO] testing 'Microsoft SQL Server/Sybase inline queries'
[20:57:14] [INFO] testing 'PostgreSQL > 8.1 stacked queries (comment)'
[20:57:15] [INFO] testing 'Microsoft SQL Server/Sybase stacked queries (comment)'
[20:57:15] [INFO] testing 'Oracle stacked queries (DBMS_PIPE.RECEIVE_MESSAGE - comment)'
[20:57:15] [INFO] testing 'MySQL >= 5.0.12 AND time-based blind'
[20:57:15] [INFO] testing 'PostgreSQL > 8.1 AND time-based blind'
[20:57:15] [INFO] testing 'Microsoft SQL Server/Sybase time-based blind (IF)'
[20:57:16] [INFO] testing 'Oracle AND time-based blind'
[20:57:16] [INFO] testing 'Generic UNION query (NULL) - 1 to 10 columns'
[20:57:18] [WARNING] POST parameter 'verify' does not seem to be injectable
[20:57:18] [INFO] testing if POST parameter 'url' is dynamic
[20:57:18] [WARNING] POST parameter 'url' does not appear to be dynamic
[20:57:18] [WARNING] heuristic (basic) test shows that POST parameter 'url' might not be injectable
[20:57:18] [INFO] testing for SQL injection on POST parameter 'url'
[20:57:18] [INFO] testing 'AND boolean-based blind - WHERE or HAVING clause'
[20:57:19] [INFO] testing 'MySQL >= 5.0 boolean-based blind - Parameter replace'
[20:57:19] [INFO] testing 'MySQL >= 5.0 AND error-based - WHERE, HAVING, ORDER BY or GROUP BY clause (FLOOR)'
[20:57:19] [INFO] testing 'PostgreSQL AND error-based - WHERE or HAVING clause'
[20:57:19] [INFO] testing 'Microsoft SQL Server/Sybase AND error-based - WHERE or HAVING clause (IN)'
[20:57:20] [INFO] testing 'Oracle AND error-based - WHERE or HAVING clause (XMLType)'
[20:57:20] [INFO] testing 'MySQL >= 5.0 error-based - Parameter replace (FLOOR)'
[20:57:20] [INFO] testing 'MySQL inline queries'
[20:57:20] [INFO] testing 'PostgreSQL inline queries'
[20:57:20] [INFO] testing 'Microsoft SQL Server/Sybase inline queries'
[20:57:20] [INFO] testing 'PostgreSQL > 8.1 stacked queries (comment)'
[20:57:20] [INFO] testing 'Microsoft SQL Server/Sybase stacked queries (comment)'
[20:57:20] [INFO] testing 'Oracle stacked queries (DBMS_PIPE.RECEIVE_MESSAGE - comment)'
[20:57:20] [INFO] testing 'MySQL >= 5.0.12 AND time-based blind'
[20:57:21] [INFO] testing 'PostgreSQL > 8.1 AND time-based blind'
[20:57:21] [INFO] testing 'Microsoft SQL Server/Sybase time-based blind (IF)'
[20:57:21] [INFO] testing 'Oracle AND time-based blind'
[20:57:22] [INFO] testing 'Generic UNION query (NULL) - 1 to 10 columns'
[20:57:23] [WARNING] POST parameter 'url' does not seem to be injectable
[20:57:23] [INFO] testing if POST parameter 'price' is dynamic
[20:57:23] [WARNING] POST parameter 'price' does not appear to be dynamic
[20:57:23] [WARNING] heuristic (basic) test shows that POST parameter 'price' might not be injectable
[20:57:23] [INFO] testing for SQL injection on POST parameter 'price'
[20:57:23] [INFO] testing 'AND boolean-based blind - WHERE or HAVING clause'
[20:57:24] [INFO] testing 'MySQL >= 5.0 boolean-based blind - Parameter replace'
[20:57:24] [INFO] testing 'MySQL >= 5.0 AND error-based - WHERE, HAVING, ORDER BY or GROUP BY clause (FLOOR)'
[20:57:24] [INFO] testing 'PostgreSQL AND error-based - WHERE or HAVING clause'
[20:57:25] [INFO] testing 'Microsoft SQL Server/Sybase AND error-based - WHERE or HAVING clause (IN)'
[20:57:25] [INFO] testing 'Oracle AND error-based - WHERE or HAVING clause (XMLType)'
[20:57:25] [INFO] testing 'MySQL >= 5.0 error-based - Parameter replace (FLOOR)'
[20:57:25] [INFO] testing 'MySQL inline queries'
[20:57:25] [INFO] testing 'PostgreSQL inline queries'
[20:57:25] [INFO] testing 'Microsoft SQL Server/Sybase inline queries'
[20:57:25] [INFO] testing 'PostgreSQL > 8.1 stacked queries (comment)'
[20:57:25] [INFO] testing 'Microsoft SQL Server/Sybase stacked queries (comment)'
[20:57:26] [INFO] testing 'Oracle stacked queries (DBMS_PIPE.RECEIVE_MESSAGE - comment)'
[20:57:26] [INFO] testing 'MySQL >= 5.0.12 AND time-based blind'
[20:57:26] [INFO] testing 'PostgreSQL > 8.1 AND time-based blind'
[20:57:26] [INFO] testing 'Microsoft SQL Server/Sybase time-based blind (IF)'
[20:57:26] [INFO] testing 'Oracle AND time-based blind'
[20:57:27] [INFO] testing 'Generic UNION query (NULL) - 1 to 10 columns'
[20:57:28] [WARNING] POST parameter 'price' does not seem to be injectable
[20:57:28] [INFO] testing if POST parameter 'name' is dynamic
[20:57:28] [WARNING] POST parameter 'name' does not appear to be dynamic
[20:57:29] [WARNING] heuristic (basic) test shows that POST parameter 'name' might not be injectable
[20:57:29] [INFO] testing for SQL injection on POST parameter 'name'
[20:57:29] [INFO] testing 'AND boolean-based blind - WHERE or HAVING clause'
[20:57:30] [INFO] testing 'MySQL >= 5.0 boolean-based blind - Parameter replace'
[20:57:30] [INFO] testing 'MySQL >= 5.0 AND error-based - WHERE, HAVING, ORDER BY or GROUP BY clause (FLOOR)'
[20:57:30] [INFO] testing 'PostgreSQL AND error-based - WHERE or HAVING clause'
[20:57:30] [INFO] testing 'Microsoft SQL Server/Sybase AND error-based - WHERE or HAVING clause (IN)'
[20:57:30] [INFO] testing 'Oracle AND error-based - WHERE or HAVING clause (XMLType)'
[20:57:30] [INFO] testing 'MySQL >= 5.0 error-based - Parameter replace (FLOOR)'
[20:57:30] [INFO] testing 'MySQL inline queries'
[20:57:30] [INFO] testing 'PostgreSQL inline queries'
[20:57:30] [INFO] testing 'Microsoft SQL Server/Sybase inline queries'
[20:57:30] [INFO] testing 'PostgreSQL > 8.1 stacked queries (comment)'
[20:57:31] [INFO] testing 'Microsoft SQL Server/Sybase stacked queries (comment)'
[20:57:31] [INFO] testing 'Oracle stacked queries (DBMS_PIPE.RECEIVE_MESSAGE - comment)'
[20:57:31] [INFO] testing 'MySQL >= 5.0.12 AND time-based blind'
[20:57:31] [INFO] testing 'PostgreSQL > 8.1 AND time-based blind'
[20:57:31] [INFO] testing 'Microsoft SQL Server/Sybase time-based blind (IF)'
[20:57:32] [INFO] testing 'Oracle AND time-based blind'
[20:57:32] [INFO] testing 'Generic UNION query (NULL) - 1 to 10 columns'
[20:57:34] [WARNING] POST parameter 'name' does not seem to be injectable
[20:57:34] [INFO] testing if POST parameter 'description' is dynamic
[20:57:34] [WARNING] POST parameter 'description' does not appear to be dynamic
[20:57:34] [WARNING] heuristic (basic) test shows that POST parameter 'description' might not be injectable
[20:57:34] [INFO] testing for SQL injection on POST parameter 'description'
[20:57:34] [INFO] testing 'AND boolean-based blind - WHERE or HAVING clause'
[20:57:35] [INFO] testing 'MySQL >= 5.0 boolean-based blind - Parameter replace'
[20:57:35] [INFO] testing 'MySQL >= 5.0 AND error-based - WHERE, HAVING, ORDER BY or GROUP BY clause (FLOOR)'
[20:57:35] [INFO] testing 'PostgreSQL AND error-based - WHERE or HAVING clause'
[20:57:36] [INFO] testing 'Microsoft SQL Server/Sybase AND error-based - WHERE or HAVING clause (IN)'
[20:57:36] [INFO] testing 'Oracle AND error-based - WHERE or HAVING clause (XMLType)'
[20:57:36] [INFO] testing 'MySQL >= 5.0 error-based - Parameter replace (FLOOR)'
[20:57:36] [INFO] testing 'MySQL inline queries'
[20:57:36] [INFO] testing 'PostgreSQL inline queries'
[20:57:36] [INFO] testing 'Microsoft SQL Server/Sybase inline queries'
[20:57:36] [INFO] testing 'PostgreSQL > 8.1 stacked queries (comment)'
[20:57:36] [INFO] testing 'Microsoft SQL Server/Sybase stacked queries (comment)'
[20:57:37] [INFO] testing 'Oracle stacked queries (DBMS_PIPE.RECEIVE_MESSAGE - comment)'
[20:57:37] [INFO] testing 'MySQL >= 5.0.12 AND time-based blind'
[20:57:37] [INFO] testing 'PostgreSQL > 8.1 AND time-based blind'
[20:57:37] [INFO] testing 'Microsoft SQL Server/Sybase time-based blind (IF)'
[20:57:37] [INFO] testing 'Oracle AND time-based blind'
[20:57:38] [INFO] testing 'Generic UNION query (NULL) - 1 to 10 columns'
[20:57:39] [WARNING] POST parameter 'description' does not seem to be injectable
[20:57:39] [CRITICAL] all tested parameters appear to be not injectable. Try to increase '--level'/'--risk' values to perform more tests. Also, you can try to rerun by providing either a valid value for option '--string' (or '--regexp'). If you suspect that there is some kind of protection mechanism involved (e.g. WAF) maybe you could retry with an option '--tamper' (e.g. '--tamper=space2comment')

[*] shutting down at 20:57:39

